Build started 26/01/2016 15:37:37.
     1>Project "C:\Users\Sergio\documents\visual studio 2013\Projects\codigo_examen\codigo_examen\codigo_examen.vcxproj" on node 2 (Build target(s)).
     1>ClCompile:
         C:\Program Files (x86)\Microsoft Visual Studio 12.0\VC\bin\CL.exe /c /ZI /nologo /W3 /WX- /sdl /Od /Oy- /D _MBCS /Gm /EHsc /RTC1 /MDd /GS /fp:precise /Zc:wchar_t /Zc:forScope /Fo"Debug\\" /Fd"Debug\vc120.pdb" /Gd /TP /analyze- /errorReport:prompt main.cpp
         main.cpp
     1>c:\users\sergio\documents\visual studio 2013\projects\codigo_examen\codigo_examen\main.cpp(126): error C2065: 'p2Stack' : undeclared identifier
     1>c:\users\sergio\documents\visual studio 2013\projects\codigo_examen\codigo_examen\main.cpp(126): error C2062: type 'int' unexpected
     1>c:\users\sergio\documents\visual studio 2013\projects\codigo_examen\codigo_examen\main.cpp(127): error C2065: 'container' : undeclared identifier
     1>c:\users\sergio\documents\visual studio 2013\projects\codigo_examen\codigo_examen\main.cpp(127): error C2228: left of '.push' must have class/struct/union
                 type is 'unknown-type'
     1>c:\users\sergio\documents\visual studio 2013\projects\codigo_examen\codigo_examen\main.cpp(128): error C2065: 'container' : undeclared identifier
     1>c:\users\sergio\documents\visual studio 2013\projects\codigo_examen\codigo_examen\main.cpp(128): error C2228: left of '.push' must have class/struct/union
                 type is 'unknown-type'
     1>c:\users\sergio\documents\visual studio 2013\projects\codigo_examen\codigo_examen\main.cpp(129): error C2065: 'container' : undeclared identifier
     1>c:\users\sergio\documents\visual studio 2013\projects\codigo_examen\codigo_examen\main.cpp(129): error C2228: left of '.push' must have class/struct/union
                 type is 'unknown-type'
     1>c:\users\sergio\documents\visual studio 2013\projects\codigo_examen\codigo_examen\main.cpp(130): error C2065: 'container' : undeclared identifier
     1>c:\users\sergio\documents\visual studio 2013\projects\codigo_examen\codigo_examen\main.cpp(130): error C2228: left of '.size' must have class/struct/union
                 type is 'unknown-type'
     1>c:\users\sergio\documents\visual studio 2013\projects\codigo_examen\codigo_examen\main.cpp(131): error C2065: 'container' : undeclared identifier
     1>c:\users\sergio\documents\visual studio 2013\projects\codigo_examen\codigo_examen\main.cpp(131): error C2228: left of '.empty' must have class/struct/union
                 type is 'unknown-type'
     1>c:\users\sergio\documents\visual studio 2013\projects\codigo_examen\codigo_examen\main.cpp(132): error C2065: 'container' : undeclared identifier
     1>c:\users\sergio\documents\visual studio 2013\projects\codigo_examen\codigo_examen\main.cpp(132): error C2228: left of '.peek' must have class/struct/union
                 type is 'unknown-type'
     1>c:\users\sergio\documents\visual studio 2013\projects\codigo_examen\codigo_examen\main.cpp(134): error C2065: 'container' : undeclared identifier
     1>c:\users\sergio\documents\visual studio 2013\projects\codigo_examen\codigo_examen\main.cpp(134): error C2228: left of '.pop' must have class/struct/union
                 type is 'unknown-type'
     1>c:\users\sergio\documents\visual studio 2013\projects\codigo_examen\codigo_examen\main.cpp(135): error C2065: 'container' : undeclared identifier
     1>c:\users\sergio\documents\visual studio 2013\projects\codigo_examen\codigo_examen\main.cpp(135): error C2228: left of '.pop' must have class/struct/union
                 type is 'unknown-type'
     1>c:\users\sergio\documents\visual studio 2013\projects\codigo_examen\codigo_examen\main.cpp(136): error C2065: 'container' : undeclared identifier
     1>c:\users\sergio\documents\visual studio 2013\projects\codigo_examen\codigo_examen\main.cpp(136): error C2228: left of '.pop' must have class/struct/union
                 type is 'unknown-type'
     1>c:\users\sergio\documents\visual studio 2013\projects\codigo_examen\codigo_examen\main.cpp(137): error C2065: 'container' : undeclared identifier
     1>c:\users\sergio\documents\visual studio 2013\projects\codigo_examen\codigo_examen\main.cpp(137): error C2228: left of '.pop' must have class/struct/union
                 type is 'unknown-type'
     1>Done Building Project "C:\Users\Sergio\documents\visual studio 2013\Projects\codigo_examen\codigo_examen\codigo_examen.vcxproj" (Build target(s)) -- FAILED.

Build FAILED.

Time Elapsed 00:00:00.53
